# JRE version: Java(TM) SE Runtime Environment (21.0.3+7) (build 21.0.3+7-LTS-152)
# Java VM: Java HotSpot(TM) 64-Bit Server VM (21.0.3+7-LTS-152, mixed mode, sharing, tiered, compressed oops, compressed class ptrs, g1 gc, windows-amd64)
GC Precious Log:
 CardTable entry size: 512
 Card Set container configuration: InlinePtr #cards 4 size 8 Array Of Cards #cards 32 size 80 Howl #buckets 8 coarsen threshold 7372 Howl Bitmap #cards 1024 size 144 coarsen threshold 921 Card regions per heap region 1 cards per card region 8192
 CPUs: 32 total, 32 available
 Memory: 32591M
 Large Page Support: Disabled
 NUMA Support: Disabled
 Compressed Oops: Enabled (Zero based)
 Heap Region Size: 4M
 Heap Min Capacity: 8M
 Heap Initial Capacity: 512M
 Heap Max Capacity: 8148M
 Pre-touch: Disabled
 Parallel Workers: 23
 Concurrent Workers: 6
 Concurrent Refinement Workers: 23
 Periodic GC: Disabled
Heap:
 garbage-first heap   total 524288K, used 187583K [0x0000000602c00000, 0x0000000800000000)
  region size 4096K, 33 young (135168K), 2 survivors (8192K)
 Metaspace       used 10333K, committed 10624K, reserved 1114112K
  class space    used 1276K, committed 1408K, reserved 1048576K
GC Heap History (12 events):
Event: 0.175 GC heap before
{Heap before GC invocations=0 (full 0):
 garbage-first heap   total 524288K, used 73728K [0x0000000602c00000, 0x0000000800000000)
  region size 4096K, 6 young (24576K), 0 survivors (0K)
 Metaspace       used 1984K, committed 2176K, reserved 1114112K
  class space    used 154K, committed 256K, reserved 1048576K
}
Event: 0.180 GC heap after
{Heap after GC invocations=1 (full 0):
 garbage-first heap   total 524288K, used 35711K [0x0000000602c00000, 0x0000000800000000)
  region size 4096K, 1 young (4096K), 1 survivors (4096K)
 Metaspace       used 1984K, committed 2176K, reserved 1114112K
  class space    used 154K, committed 256K, reserved 1048576K
}
Event: 0.189 GC heap before
{Heap before GC invocations=1 (full 0):
 garbage-first heap   total 524288K, used 60287K [0x0000000602c00000, 0x0000000800000000)
  region size 4096K, 6 young (24576K), 1 survivors (4096K)
 Metaspace       used 2020K, committed 2176K, reserved 1114112K
  class space    used 154K, committed 256K, reserved 1048576K
}
Event: 0.193 GC heap after
{Heap after GC invocations=2 (full 0):
 garbage-first heap   total 524288K, used 44151K [0x0000000602c00000, 0x0000000800000000)
  region size 4096K, 1 young (4096K), 1 survivors (4096K)
 Metaspace       used 2020K, committed 2176K, reserved 1114112K
  class space    used 154K, committed 256K, reserved 1048576K
}
Event: 0.383 GC heap before
{Heap before GC invocations=2 (full 0):
 garbage-first heap   total 524288K, used 76919K [0x0000000602c00000, 0x0000000800000000)
  region size 4096K, 7 young (28672K), 1 survivors (4096K)
 Metaspace       used 5688K, committed 5888K, reserved 1114112K
  class space    used 545K, committed 640K, reserved 1048576K
}
Event: 0.385 GC heap after
{Heap after GC invocations=3 (full 0):
 garbage-first heap   total 524288K, used 55067K [0x0000000602c00000, 0x0000000800000000)
  region size 4096K, 1 young (4096K), 1 survivors (4096K)
 Metaspace       used 5688K, committed 5888K, reserved 1114112K
  class space    used 545K, committed 640K, reserved 1048576K
}
Event: 5.330 GC heap before
{Heap before GC invocations=3 (full 0):
 garbage-first heap   total 524288K, used 108315K [0x0000000602c00000, 0x0000000800000000)
  region size 4096K, 12 young (49152K), 1 survivors (4096K)
 Metaspace       used 9889K, committed 10240K, reserved 1114112K
  class space    used 1272K, committed 1408K, reserved 1048576K
}
Event: 5.332 GC heap after
{Heap after GC invocations=4 (full 0):
 garbage-first heap   total 524288K, used 64518K [0x0000000602c00000, 0x0000000800000000)
  region size 4096K, 2 young (8192K), 2 survivors (8192K)
 Metaspace       used 9889K, committed 10240K, reserved 1114112K
  class space    used 1272K, committed 1408K, reserved 1048576K
}
Event: 21.262 GC heap before
{Heap before GC invocations=4 (full 0):
 garbage-first heap   total 524288K, used 171014K [0x0000000602c00000, 0x0000000800000000)
  region size 4096K, 28 young (114688K), 2 survivors (8192K)
 Metaspace       used 10046K, committed 10368K, reserved 1114112K
  class space    used 1276K, committed 1408K, reserved 1048576K
}
Event: 21.265 GC heap after
{Heap after GC invocations=5 (full 0):
 garbage-first heap   total 524288K, used 64488K [0x0000000602c00000, 0x0000000800000000)
  region size 4096K, 2 young (8192K), 2 survivors (8192K)
 Metaspace       used 10046K, committed 10368K, reserved 1114112K
  class space    used 1276K, committed 1408K, reserved 1048576K
}
Event: 65.931 GC heap before
{Heap before GC invocations=5 (full 0):
 garbage-first heap   total 524288K, used 367592K [0x0000000602c00000, 0x0000000800000000)
  region size 4096K, 76 young (311296K), 2 survivors (8192K)
 Metaspace       used 10296K, committed 10624K, reserved 1114112K
  class space    used 1276K, committed 1408K, reserved 1048576K
}
Event: 65.934 GC heap after
{Heap after GC invocations=6 (full 0):
 garbage-first heap   total 524288K, used 64703K [0x0000000602c00000, 0x0000000800000000)
  region size 4096K, 2 young (8192K), 2 survivors (8192K)
 Metaspace       used 10296K, committed 10624K, reserved 1114112K
  class space    used 1276K, committed 1408K, reserved 1048576K
}

